<?xml version="1.0" encoding="UTF-8"?>
<testsuite name="StringCalculatorTest" tests="6" skipped="0" failures="0" errors="0" timestamp="2020-03-27T16:19:01" hostname="recruit" time="0.004">
  <properties/>
  <testcase name="twoNumbers" classname="StringCalculatorTest" time="0.001"/>
  <testcase name="threeNumsDelimeter" classname="StringCalculatorTest" time="0.0"/>
  <testcase name="twoNumsDelimeter" classname="StringCalculatorTest" time="0.001"/>
  <testcase name="emptyString" classname="StringCalculatorTest" time="0.0"/>
  <testcase name="singleNumber" classname="StringCalculatorTest" time="0.0"/>
  <testcase name="negativeNumber" classname="StringCalculatorTest" time="0.0"/>
  <system-out><![CDATA[]]></system-out>
  <system-err><![CDATA[]]></system-err>
</testsuite>
