<?xml version="1.0" encoding="UTF-8"?>
<testsuite name="StringCalculatorTest" tests="7" skipped="0" failures="0" errors="0" timestamp="2020-03-28T12:11:09" hostname="recruit" time="0.007">
  <properties/>
  <testcase name="twoNumbers" classname="StringCalculatorTest" time="0.002"/>
  <testcase name="threeNumsDelimeter" classname="StringCalculatorTest" time="0.0"/>
  <testcase name="twoNumsDelimeter" classname="StringCalculatorTest" time="0.001"/>
  <testcase name="isNumGreaterThan1000" classname="StringCalculatorTest" time="0.0"/>
  <testcase name="emptyString" classname="StringCalculatorTest" time="0.0"/>
  <testcase name="singleNumber" classname="StringCalculatorTest" time="0.001"/>
  <testcase name="negativeNumber" classname="StringCalculatorTest" time="0.001"/>
  <system-out><![CDATA[]]></system-out>
  <system-err><![CDATA[]]></system-err>
</testsuite>
